New log file opened at Mon Jan 16 16:38:50 CET 2017 by 6404@eis-boston
Taking next connection to: 61082
New client attempting to connect on port: 61083-61082
  Address = /169.254.131.205:61082
This client on port 61083 has uuid 23059f7f-7d6f-4611-9b3d-44bf74b46a6e configName activator humanReadableName Activator protocolVersion 3 featureTags Vector()
Connected Clients: activator-23059f7f-7d6f-4611-9b3d-44bf74b46a6e
Taking next connection to: 61082
New client attempting to connect on port: 61156-61082
  Address = /169.254.131.205:61082
Handshake exception on socket: 61156
sbt.impl.ipc.HandshakeException: Unable to perform handshake
	at sbt.impl.ipc.Peer.handshake(IPC.scala:46)
	at sbt.impl.ipc.MultiClientServer.<init>(IPC.scala:150)
	at sbt.server.SbtServerSocketHandler$$anon$1.run(SbtServerSocketHandler.scala:43)
Caused by: java.net.SocketException: Software caused connection abort: recv failed
	at java.net.SocketInputStream.socketRead0(Native Method)
	at java.net.SocketInputStream.socketRead(SocketInputStream.java:116)
	at java.net.SocketInputStream.read(SocketInputStream.java:170)
	at java.net.SocketInputStream.read(SocketInputStream.java:141)
	at java.io.BufferedInputStream.fill(BufferedInputStream.java:246)
	at java.io.BufferedInputStream.read(BufferedInputStream.java:265)
	at java.io.DataInputStream.readInt(DataInputStream.java:387)
	at sbt.impl.ipc.Peer.receive(IPC.scala:95)
	at sbt.impl.ipc.Peer.handshake(IPC.scala:49)
	... 2 more
Taking next connection to: 61082
New client attempting to connect on port: 61157-61082
  Address = /169.254.131.205:61082
This client on port 61157 has uuid 799867e8-fb94-4f44-9704-a75b140860d5 configName play-fork-run humanReadableName Play Fork Run protocolVersion 1 featureTags Vector()
Connected Clients: activator-23059f7f-7d6f-4611-9b3d-44bf74b46a6e, play-fork-run-799867e8-fb94-4f44-9704-a75b140860d5
Taking next connection to: 61082
Checking to see if clients are empty...
We have 1 non-daemon clients, continuing serving connections.
Taking next connection to: 61082
Checking to see if clients are empty...
We have 1 non-daemon clients, continuing serving connections.
Taking next connection to: 61082
